# JRE version: Java(TM) SE Runtime Environment (8.0_181-b13) (build 1.8.0_181-b13)
# Java VM: Java HotSpot(TM) 64-Bit Server VM (25.181-b13 mixed mode windows-amd64 compressed oops)
Heap:
 PSYoungGen      total 186880K, used 36109K [0x00000000eb400000, 0x00000000fb080000, 0x0000000100000000)
  eden space 175104K, 20% used [0x00000000eb400000,0x00000000ed7436f0,0x00000000f5f00000)
  from space 11776K, 0% used [0x00000000f5f00000,0x00000000f5f00000,0x00000000f6a80000)
  to   space 12288K, 0% used [0x00000000fa480000,0x00000000fa480000,0x00000000fb080000)
 ParOldGen       total 71680K, used 27111K [0x00000000c1c00000, 0x00000000c6200000, 0x00000000eb400000)
  object space 71680K, 37% used [0x00000000c1c00000,0x00000000c3679f60,0x00000000c6200000)
 Metaspace       used 35327K, capacity 35956K, committed 36312K, reserved 1081344K
  class space    used 4639K, capacity 4819K, committed 4864K, reserved 1048576K
GC Heap History (10 events):
Event: 2.955 GC heap before
{Heap before GC invocations=9 (full 1):
 PSYoungGen      total 139264K, used 4300K [0x00000000eb400000, 0x00000000f4500000, 0x0000000100000000)
  eden space 131072K, 0% used [0x00000000eb400000,0x00000000eb400000,0x00000000f3400000)
  from space 8192K, 52% used [0x00000000f3d00000,0x00000000f4133208,0x00000000f4500000)
  to   space 8704K, 0% used [0x00000000f3400000,0x00000000f3400000,0x00000000f3c80000)
 ParOldGen       total 44032K, used 14013K [0x00000000c1c00000, 0x00000000c4700000, 0x00000000eb400000)
  object space 44032K, 31% used [0x00000000c1c00000,0x00000000c29af450,0x00000000c4700000)
 Metaspace       used 20799K, capacity 21148K, committed 21248K, reserved 1067008K
  class space    used 2626K, capacity 2746K, committed 2816K, reserved 1048576K
Event: 3.008 GC heap after
Heap after GC invocations=9 (full 1):
 PSYoungGen      total 139264K, used 0K [0x00000000eb400000, 0x00000000f4500000, 0x0000000100000000)
  eden space 131072K, 0% used [0x00000000eb400000,0x00000000eb400000,0x00000000f3400000)
  from space 8192K, 0% used [0x00000000f3d00000,0x00000000f3d00000,0x00000000f4500000)
  to   space 8704K, 0% used [0x00000000f3400000,0x00000000f3400000,0x00000000f3c80000)
 ParOldGen       total 42496K, used 14044K [0x00000000c1c00000, 0x00000000c4580000, 0x00000000eb400000)
  object space 42496K, 33% used [0x00000000c1c00000,0x00000000c29b7000,0x00000000c4580000)
 Metaspace       used 20799K, capacity 21148K, committed 21248K, reserved 1067008K
  class space    used 2626K, capacity 2746K, committed 2816K, reserved 1048576K
}
Event: 3.937 GC heap before
{Heap before GC invocations=10 (full 1):
 PSYoungGen      total 139264K, used 131072K [0x00000000eb400000, 0x00000000f4500000, 0x0000000100000000)
  eden space 131072K, 100% used [0x00000000eb400000,0x00000000f3400000,0x00000000f3400000)
  from space 8192K, 0% used [0x00000000f3d00000,0x00000000f3d00000,0x00000000f4500000)
  to   space 8704K, 0% used [0x00000000f3400000,0x00000000f3400000,0x00000000f3c80000)
 ParOldGen       total 42496K, used 14044K [0x00000000c1c00000, 0x00000000c4580000, 0x00000000eb400000)
  object space 42496K, 33% used [0x00000000c1c00000,0x00000000c29b7000,0x00000000c4580000)
 Metaspace       used 24349K, capacity 24816K, committed 25088K, reserved 1071104K
  class space    used 3163K, capacity 3275K, committed 3328K, reserved 1048576K
Event: 3.945 GC heap after
Heap after GC invocations=10 (full 1):
 PSYoungGen      total 139776K, used 6873K [0x00000000eb400000, 0x00000000f7480000, 0x0000000100000000)
  eden space 131072K, 0% used [0x00000000eb400000,0x00000000eb400000,0x00000000f3400000)
  from space 8704K, 78% used [0x00000000f3400000,0x00000000f3ab6630,0x00000000f3c80000)
  to   space 9216K, 0% used [0x00000000f6b80000,0x00000000f6b80000,0x00000000f7480000)
 ParOldGen       total 42496K, used 14052K [0x00000000c1c00000, 0x00000000c4580000, 0x00000000eb400000)
  object space 42496K, 33% used [0x00000000c1c00000,0x00000000c29b9000,0x00000000c4580000)
 Metaspace       used 24349K, capacity 24816K, committed 25088K, reserved 1071104K
  class space    used 3163K, capacity 3275K, committed 3328K, reserved 1048576K
}
Event: 5.429 GC heap before
{Heap before GC invocations=11 (full 1):
 PSYoungGen      total 139776K, used 137945K [0x00000000eb400000, 0x00000000f7480000, 0x0000000100000000)
  eden space 131072K, 100% used [0x00000000eb400000,0x00000000f3400000,0x00000000f3400000)
  from space 8704K, 78% used [0x00000000f3400000,0x00000000f3ab6630,0x00000000f3c80000)
  to   space 9216K, 0% used [0x00000000f6b80000,0x00000000f6b80000,0x00000000f7480000)
 ParOldGen       total 42496K, used 14052K [0x00000000c1c00000, 0x00000000c4580000, 0x00000000eb400000)
  object space 42496K, 33% used [0x00000000c1c00000,0x00000000c29b9000,0x00000000c4580000)
 Metaspace       used 31467K, capacity 32026K, committed 32256K, reserved 1077248K
  class space    used 4101K, capacity 4227K, committed 4352K, reserved 1048576K
Event: 5.443 GC heap after
Heap after GC invocations=11 (full 1):
 PSYoungGen      total 184320K, used 9204K [0x00000000eb400000, 0x00000000f7600000, 0x0000000100000000)
  eden space 175104K, 0% used [0x00000000eb400000,0x00000000eb400000,0x00000000f5f00000)
  from space 9216K, 99% used [0x00000000f6b80000,0x00000000f747d3a8,0x00000000f7480000)
  to   space 11776K, 0% used [0x00000000f5f00000,0x00000000f5f00000,0x00000000f6a80000)
 ParOldGen       total 42496K, used 18812K [0x00000000c1c00000, 0x00000000c4580000, 0x00000000eb400000)
  object space 42496K, 44% used [0x00000000c1c00000,0x00000000c2e5f3e0,0x00000000c4580000)
 Metaspace       used 31467K, capacity 32026K, committed 32256K, reserved 1077248K
  class space    used 4101K, capacity 4227K, committed 4352K, reserved 1048576K
}
Event: 6.135 GC heap before
{Heap before GC invocations=12 (full 1):
 PSYoungGen      total 184320K, used 137374K [0x00000000eb400000, 0x00000000f7600000, 0x0000000100000000)
  eden space 175104K, 73% used [0x00000000eb400000,0x00000000f312a4b0,0x00000000f5f00000)
  from space 9216K, 99% used [0x00000000f6b80000,0x00000000f747d3a8,0x00000000f7480000)
  to   space 11776K, 0% used [0x00000000f5f00000,0x00000000f5f00000,0x00000000f6a80000)
 ParOldGen       total 42496K, used 18812K [0x00000000c1c00000, 0x00000000c4580000, 0x00000000eb400000)
  object space 42496K, 44% used [0x00000000c1c00000,0x00000000c2e5f3e0,0x00000000c4580000)
 Metaspace       used 34772K, capacity 35336K, committed 35416K, reserved 1079296K
  class space    used 4556K, capacity 4720K, committed 4736K, reserved 1048576K
Event: 6.151 GC heap after
Heap after GC invocations=12 (full 1):
 PSYoungGen      total 186880K, used 8230K [0x00000000eb400000, 0x00000000fb080000, 0x0000000100000000)
  eden space 175104K, 0% used [0x00000000eb400000,0x00000000eb400000,0x00000000f5f00000)
  from space 11776K, 69% used [0x00000000f5f00000,0x00000000f6709890,0x00000000f6a80000)
  to   space 12288K, 0% used [0x00000000fa480000,0x00000000fa480000,0x00000000fb080000)
 ParOldGen       total 42496K, used 27370K [0x00000000c1c00000, 0x00000000c4580000, 0x00000000eb400000)
  object space 42496K, 64% used [0x00000000c1c00000,0x00000000c36ba928,0x00000000c4580000)
 Metaspace       used 34772K, capacity 35336K, committed 35416K, reserved 1079296K
  class space    used 4556K, capacity 4720K, committed 4736K, reserved 1048576K
}
Event: 6.151 GC heap before
{Heap before GC invocations=13 (full 2):
 PSYoungGen      total 186880K, used 8230K [0x00000000eb400000, 0x00000000fb080000, 0x0000000100000000)
  eden space 175104K, 0% used [0x00000000eb400000,0x00000000eb400000,0x00000000f5f00000)
  from space 11776K, 69% used [0x00000000f5f00000,0x00000000f6709890,0x00000000f6a80000)
  to   space 12288K, 0% used [0x00000000fa480000,0x00000000fa480000,0x00000000fb080000)
 ParOldGen       total 42496K, used 27370K [0x00000000c1c00000, 0x00000000c4580000, 0x00000000eb400000)
  object space 42496K, 64% used [0x00000000c1c00000,0x00000000c36ba928,0x00000000c4580000)
 Metaspace       used 34772K, capacity 35336K, committed 35416K, reserved 1079296K
  class space    used 4556K, capacity 4720K, committed 4736K, reserved 1048576K
Event: 6.291 GC heap after
Heap after GC invocations=13 (full 2):
 PSYoungGen      total 186880K, used 0K [0x00000000eb400000, 0x00000000fb080000, 0x0000000100000000)
  eden space 175104K, 0% used [0x00000000eb400000,0x00000000eb400000,0x00000000f5f00000)
  from space 11776K, 0% used [0x00000000f5f00000,0x00000000f5f00000,0x00000000f6a80000)
  to   space 12288K, 0% used [0x00000000fa480000,0x00000000fa480000,0x00000000fb080000)
 ParOldGen       total 71680K, used 27111K [0x00000000c1c00000, 0x00000000c6200000, 0x00000000eb400000)
  object space 71680K, 37% used [0x00000000c1c00000,0x00000000c3679f60,0x00000000c6200000)
 Metaspace       used 34772K, capacity 35336K, committed 35416K, reserved 1079296K
  class space    used 4556K, capacity 4720K, committed 4736K, reserved 1048576K
}

